TN:
SF:/home/edda/Documentos/CESE/TSSE/Leds/lib/Unity/src/unity.c
FN:1013,1029,UnityAssertFloatsWithin
FN:1032,1050,UnityAssertFloatsNotWithin
FN:1053,1083,UnityAssertGreaterOrLessFloat
FN:1086,1148,UnityAssertFloatSpecial
FN:128,148,UnityPrint
FN:1380,1424,UnityAssertNumbersWithin
FN:1427,1588,UnityAssertNumbersArrayWithin
FN:150,185,UnityPrintLen
FN:1591,1627,UnityAssertEqualString
FN:1630,1667,UnityAssertEqualStringLen
FN:1670,1750,UnityAssertEqualStringArray
FN:1753,1822,UnityAssertEqualMemory
FN:1842,1864,UnityNumToPtr
FN:1868,1872,UnityFloatToPtr
FN:188,236,UnityPrintNumberByStyle
FN:2124,2158,UnityFail
FN:2161,2174,UnityIgnore
FN:2177,2188,UnityMessage
FN:2193,2211,UnityDefaultTestRun
FN:2215,2218,UnitySetTestFile
FN:2221,2234,UnityBegin
FN:2237,2264,UnityEnd
FN:239,250,UnityPrintNumber
FN:254,270,UnityPrintNumberUnsigned
FN:273,296,UnityPrintNumberHex
FN:299,323,UnityPrintMask
FN:334,491,UnityPrintFloat
FN:495,535,UnityTestResultsBegin
FN:538,543,UnityTestResultsFailBegin
FN:546,567,UnityConcludeTest
FN:570,594,UnityAddMsgIfSpecified
FN:597,621,UnityPrintExpectedAndActualStrings
FN:624,650,UnityPrintExpectedAndActualStringsLen
FN:657,684,UnityIsOneArrayNull
FN:691,709,UnityAssertBits
FN:712,730,UnityAssertEqualNumber
FN:733,770,UnityAssertGreaterOrLessOrEqualNumber
FN:78,104,UnityPrintChar
FN:781,893,UnityAssertEqualIntArray
FN:926,930,UnityFloatsWithin
FN:933,1010,UnityAssertWithinFloatArray
FNDA:0,UnityAssertFloatsWithin
FNDA:0,UnityAssertFloatsNotWithin
FNDA:0,UnityAssertGreaterOrLessFloat
FNDA:0,UnityAssertFloatSpecial
FNDA:41,UnityPrint
FNDA:0,UnityAssertNumbersWithin
FNDA:0,UnityAssertNumbersArrayWithin
FNDA:0,UnityPrintLen
FNDA:0,UnityAssertEqualString
FNDA:0,UnityAssertEqualStringLen
FNDA:0,UnityAssertEqualStringArray
FNDA:0,UnityAssertEqualMemory
FNDA:0,UnityNumToPtr
FNDA:0,UnityFloatToPtr
FNDA:0,UnityPrintNumberByStyle
FNDA:0,UnityFail
FNDA:0,UnityIgnore
FNDA:0,UnityMessage
FNDA:12,UnityDefaultTestRun
FNDA:0,UnitySetTestFile
FNDA:1,UnityBegin
FNDA:1,UnityEnd
FNDA:15,UnityPrintNumber
FNDA:15,UnityPrintNumberUnsigned
FNDA:0,UnityPrintNumberHex
FNDA:0,UnityPrintMask
FNDA:0,UnityPrintFloat
FNDA:12,UnityTestResultsBegin
FNDA:0,UnityTestResultsFailBegin
FNDA:12,UnityConcludeTest
FNDA:0,UnityAddMsgIfSpecified
FNDA:0,UnityPrintExpectedAndActualStrings
FNDA:0,UnityPrintExpectedAndActualStringsLen
FNDA:0,UnityIsOneArrayNull
FNDA:2,UnityAssertBits
FNDA:18,UnityAssertEqualNumber
FNDA:0,UnityAssertGreaterOrLessOrEqualNumber
FNDA:1148,UnityPrintChar
FNDA:0,UnityAssertEqualIntArray
FNDA:0,UnityFloatsWithin
FNDA:0,UnityAssertWithinFloatArray
FNF:41
FNH:11
DA:78,1148
DA:81,1148
DA:83,1148
DA:86,0
DA:88,0
DA:89,0
DA:92,0
DA:94,0
DA:95,0
DA:100,0
DA:101,0
DA:102,0
DA:104,1148
DA:128,41
DA:130,41
DA:132,41
DA:134,1189
DA:144,1148
DA:145,1148
DA:148,41
DA:150,0
DA:152,0
DA:154,0
DA:156,0
DA:159,0
DA:161,0
DA:164,0
DA:166,0
DA:167,0
DA:170,0
DA:172,0
DA:173,0
DA:178,0
DA:179,0
DA:180,0
DA:182,0
DA:185,0
DA:188,0
DA:190,0
DA:192,0
DA:195,0
DA:196,0
DA:198,0
DA:201,0
DA:203,0
DA:204,0
DA:207,0
DA:209,0
DA:210,0
DA:215,0
DA:216,0
DA:217,0
DA:219,0
DA:223,0
DA:226,0
DA:228,0
DA:232,0
DA:233,0
DA:234,0
DA:236,0
DA:239,15
DA:241,15
DA:243,15
DA:246,0
DA:247,0
DA:249,15
DA:250,15
DA:254,15
DA:256,15
DA:259,40
DA:261,25
DA:267,40
DA:268,40
DA:269,40
DA:270,15
DA:273,0
DA:276,0
DA:278,0
DA:280,0
DA:283,0
DA:285,0
DA:286,0
DA:287,0
DA:289,0
DA:293,0
DA:296,0
DA:299,0
DA:301,0
DA:304,0
DA:306,0
DA:308,0
DA:310,0
DA:314,0
DA:319,0
DA:321,0
DA:323,0
DA:334,0
DA:346,0
DA:349,0
DA:351,0
DA:352,0
DA:356,0
DA:358,0
DA:360,0
DA:362,0
DA:364,0
DA:366,0
DA:370,0
DA:372,0
DA:375,0
DA:384,0
DA:386,0
DA:388,0
DA:389,0
DA:391,0
DA:393,0
DA:395,0
DA:397,0
DA:398,0
DA:400,0
DA:409,0
DA:410,0
DA:411,0
DA:413,0
DA:415,0
DA:419,0
DA:423,0
DA:424,0
DA:427,0
DA:429,0
DA:431,0
DA:432,0
DA:436,0
DA:437,0
DA:440,0
DA:442,0
DA:443,0
DA:447,0
DA:448,0
DA:450,0
DA:451,0
DA:455,0
DA:457,0
DA:459,0
DA:461,0
DA:465,0
DA:467,0
DA:469,0
DA:471,0
DA:472,0
DA:476,0
DA:479,0
DA:480,0
DA:482,0
DA:483,0
DA:485,0
DA:487,0
DA:491,0
DA:495,12
DA:526,12
DA:527,12
DA:528,12
DA:529,12
DA:530,12
DA:531,12
DA:535,12
DA:538,0
DA:540,0
DA:541,0
DA:542,0
DA:543,0
DA:546,12
DA:548,12
DA:550,0
DA:552,12
DA:554,12
DA:555,12
DA:559,0
DA:562,12
DA:563,12
DA:565,12
DA:567,12
DA:570,0
DA:577,0
DA:579,0
DA:580,0
DA:581,0
DA:582,0
DA:584,0
DA:585,0
DA:589,0
DA:591,0
DA:592,0
DA:594,0
DA:597,0
DA:599,0
DA:600,0
DA:602,0
DA:603,0
DA:604,0
DA:608,0
DA:610,0
DA:611,0
DA:613,0
DA:614,0
DA:615,0
DA:619,0
DA:621,0
DA:624,0
DA:628,0
DA:629,0
DA:631,0
DA:632,0
DA:633,0
DA:637,0
DA:639,0
DA:640,0
DA:642,0
DA:643,0
DA:644,0
DA:648,0
DA:650,0
DA:657,0
DA:663,0
DA:666,0
DA:668,0
DA:669,0
DA:670,0
DA:671,0
DA:675,0
DA:677,0
DA:678,0
DA:679,0
DA:680,0
DA:683,0
DA:691,2
DA:697,2
DA:699,2
DA:701,0
DA:702,0
DA:703,0
DA:704,0
DA:705,0
DA:706,0
DA:707,0
DA:709,2
DA:712,18
DA:718,18
DA:720,18
DA:722,0
DA:723,0
DA:724,0
DA:725,0
DA:726,0
DA:727,0
DA:728,0
DA:730,18
DA:733,0
DA:740,0
DA:741,0
DA:743,0
DA:744,0
DA:746,0
DA:748,0
DA:749,0
DA:753,0
DA:754,0
DA:757,0
DA:759,0
DA:760,0
DA:761,0
DA:762,0
DA:763,0
DA:764,0
DA:765,0
DA:766,0
DA:767,0
DA:768,0
DA:781,0
DA:789,0
DA:790,0
DA:791,0
DA:793,0
DA:795,0
DA:800,0
DA:804,0
DA:806,0
DA:809,0
DA:811,0
DA:814,0
DA:819,0
DA:821,0
DA:822,0
DA:823,0
DA:824,0
DA:826,0
DA:827,0
DA:829,0
DA:830,0
DA:832,0
DA:833,0
DA:834,0
DA:835,0
DA:837,0
DA:838,0
DA:840,0
DA:841,0
DA:844,0
DA:845,0
DA:846,0
DA:847,0
DA:848,0
DA:851,0
DA:853,0
DA:854,0
DA:856,0
DA:858,0
DA:859,0
DA:862,0
DA:863,0
DA:864,0
DA:867,0
DA:869,0
DA:871,0
DA:872,0
DA:873,0
DA:874,0
DA:876,0
DA:877,0
DA:878,0
DA:879,0
DA:880,0
DA:881,0
DA:882,0
DA:883,0
DA:884,0
DA:887,0
DA:889,0
DA:891,0
DA:926,0
DA:929,0
DA:933,0
DA:941,0
DA:942,0
DA:943,0
DA:944,0
DA:945,0
DA:947,0
DA:949,0
DA:954,0
DA:958,0
DA:960,0
DA:963,0
DA:966,0
DA:969,0
DA:971,0
DA:974,0
DA:976,0
DA:980,0
DA:982,0
DA:985,0
DA:987,0
DA:989,0
DA:992,0
DA:995,0
DA:997,0
DA:998,0
DA:999,0
DA:1000,0
DA:1001,0
DA:1002,0
DA:1004,0
DA:1006,0
DA:1008,0
DA:1013,0
DA:1019,0
DA:1022,0
DA:1024,0
DA:1025,0
DA:1026,0
DA:1027,0
DA:1029,0
DA:1032,0
DA:1038,0
DA:1040,0
DA:1042,0
DA:1043,0
DA:1044,0
DA:1045,0
DA:1046,0
DA:1047,0
DA:1048,0
DA:1050,0
DA:1053,0
DA:1061,0
DA:1063,0
DA:1066,0
DA:1067,0
DA:1069,0
DA:1071,0
DA:1073,0
DA:1074,0
DA:1075,0
DA:1076,0
DA:1077,0
DA:1078,0
DA:1079,0
DA:1080,0
DA:1081,0
DA:1083,0
DA:1086,0
DA:1091,0
DA:1092,0
DA:1093,0
DA:1094,0
DA:1096,0
DA:1098,0
DA:1100,0
DA:1102,0
DA:1103,0
DA:1104,0
DA:1106,0
DA:1107,0
DA:1109,0
DA:1111,0
DA:1112,0
DA:1114,0
DA:1116,0
DA:1117,0
DA:1119,0
DA:1121,0
DA:1122,0
DA:1123,0
DA:1126,0
DA:1128,0
DA:1129,0
DA:1130,0
DA:1132,0
DA:1134,0
DA:1135,0
DA:1137,0
DA:1145,0
DA:1146,0
DA:1148,0
DA:1380,0
DA:1387,0
DA:1389,0
DA:1391,0
DA:1393,0
DA:1397,0
DA:1402,0
DA:1404,0
DA:1408,0
DA:1412,0
DA:1414,0
DA:1415,0
DA:1416,0
DA:1417,0
DA:1418,0
DA:1419,0
DA:1420,0
DA:1421,0
DA:1422,0
DA:1424,0
DA:1427,0
DA:1436,0
DA:1437,0
DA:1438,0
DA:1440,0
DA:1442,0
DA:1447,0
DA:1451,0
DA:1453,0
DA:1456,0
DA:1458,0
DA:1461,0
DA:1466,0
DA:1468,0
DA:1470,0
DA:1472,0
DA:1473,0
DA:1474,0
DA:1478,0
DA:1479,0
DA:1480,0
DA:1482,0
DA:1484,0
DA:1486,0
DA:1488,0
DA:1489,0
DA:1490,0
DA:1494,0
DA:1495,0
DA:1496,0
DA:1498,0
DA:1501,0
DA:1503,0
DA:1505,0
DA:1506,0
DA:1507,0
DA:1511,0
DA:1512,0
DA:1513,0
DA:1515,0
DA:1518,0
DA:1521,0
DA:1523,0
DA:1524,0
DA:1525,0
DA:1529,0
DA:1530,0
DA:1531,0
DA:1533,0
DA:1534,0
DA:1537,0
DA:1539,0
DA:1541,0
DA:1545,0
DA:1550,0
DA:1552,0
DA:1556,0
DA:1560,0
DA:1562,0
DA:1564,0
DA:1565,0
DA:1566,0
DA:1567,0
DA:1569,0
DA:1570,0
DA:1571,0
DA:1572,0
DA:1573,0
DA:1574,0
DA:1575,0
DA:1576,0
DA:1577,0
DA:1578,0
DA:1579,0
DA:1582,0
DA:1584,0
DA:1586,0
DA:1591,0
DA:1598,0
DA:1601,0
DA:1603,0
DA:1605,0
DA:1607,0
DA:1608,0
DA:1614,0
DA:1616,0
DA:1620,0
DA:1622,0
DA:1623,0
DA:1624,0
DA:1625,0
DA:1627,0
DA:1630,0
DA:1638,0
DA:1641,0
DA:1643,0
DA:1645,0
DA:1647,0
DA:1648,0
DA:1654,0
DA:1656,0
DA:1660,0
DA:1662,0
DA:1663,0
DA:1664,0
DA:1665,0
DA:1667,0
DA:1670,0
DA:1677,0
DA:1678,0
DA:1679,0
DA:1680,0
DA:1682,0
DA:1685,0
DA:1690,0
DA:1694,0
DA:1696,0
DA:1699,0
DA:1701,0
DA:1704,0
DA:1706,0
DA:1711,0
DA:1712,0
DA:1714,0
DA:1718,0
DA:1720,0
DA:1722,0
DA:1724,0
DA:1725,0
DA:1731,0
DA:1733,0
DA:1737,0
DA:1739,0
DA:1740,0
DA:1742,0
DA:1743,0
DA:1745,0
DA:1746,0
DA:1747,0
DA:1749,0
DA:1753,0
DA:1761,0
DA:1762,0
DA:1763,0
DA:1766,0
DA:1768,0
DA:1773,0
DA:1776,0
DA:1778,0
DA:1781,0
DA:1783,0
DA:1786,0
DA:1788,0
DA:1791,0
DA:1793,0
DA:1794,0
DA:1796,0
DA:1798,0
DA:1799,0
DA:1800,0
DA:1802,0
DA:1803,0
DA:1805,0
DA:1806,0
DA:1807,0
DA:1808,0
DA:1809,0
DA:1810,0
DA:1811,0
DA:1812,0
DA:1814,0
DA:1815,0
DA:1817,0
DA:1819,0
DA:1842,0
DA:1844,0
DA:1846,0
DA:1847,0
DA:1848,0
DA:1850,0
DA:1851,0
DA:1852,0
DA:1855,0
DA:1856,0
DA:1857,0
DA:1860,0
DA:1861,0
DA:1862,0
DA:1868,0
DA:1870,0
DA:1871,0
DA:2124,0
DA:2126,0
DA:2128,0
DA:2129,0
DA:2130,0
DA:2132,0
DA:2138,0
DA:2140,0
DA:2141,0
DA:2142,0
DA:2144,0
DA:2145,0
DA:2147,0
DA:2150,0
DA:2152,0
DA:2154,0
DA:2157,0
DA:2161,0
DA:2163,0
DA:2165,0
DA:2166,0
DA:2167,0
DA:2169,0
DA:2170,0
DA:2171,0
DA:2173,0
DA:2177,0
DA:2179,0
DA:2180,0
DA:2181,0
DA:2183,0
DA:2184,0
DA:2185,0
DA:2187,0
DA:2188,0
DA:2193,12
DA:2195,12
DA:2196,12
DA:2197,12
DA:2198,12
DA:2200,12
DA:2202,12
DA:2203,12
DA:2205,12
DA:2207,12
DA:2210,12
DA:2211,12
DA:2215,0
DA:2217,0
DA:2218,0
DA:2221,1
DA:2223,1
DA:2224,1
DA:2225,1
DA:2226,1
DA:2227,1
DA:2228,1
DA:2229,1
DA:2230,1
DA:2232,1
DA:2234,1
DA:2237,1
DA:2239,1
DA:2240,1
DA:2241,1
DA:2242,1
DA:2243,1
DA:2244,1
DA:2245,1
DA:2246,1
DA:2247,1
DA:2248,1
DA:2249,1
DA:2251,1
DA:2255,0
DA:2260,1
DA:2263,1
LF:732
LH:87
end_of_record
TN:
SF:/home/edda/Documentos/CESE/TSSE/Leds/src/leds.c
FN:102,113,leds_state
FN:120,123,leds_turn_all_on
FN:130,133,leds_turn_all_off
FN:19,26,check_led_index
FN:36,36,led_it_bit
FN:46,54,leds_init
FN:63,75,leds_turn_on
FN:84,93,leds_turn_off
FNDA:5,leds_state
FNDA:1,leds_turn_all_on
FNDA:2,leds_turn_all_off
FNDA:25,check_led_index
FNDA:16,led_it_bit
FNDA:13,leds_init
FNDA:13,leds_turn_on
FNDA:7,leds_turn_off
FNF:8
FNH:8
DA:19,25
DA:21,25
DA:23,9
DA:25,16
DA:36,16
DA:46,13
DA:48,13
DA:50,0
DA:52,13
DA:53,13
DA:63,13
DA:65,13
DA:67,3
DA:72,10
DA:73,10
DA:84,7
DA:86,7
DA:88,3
DA:92,4
DA:93,4
DA:102,5
DA:105,5
DA:107,3
DA:111,2
DA:120,1
DA:122,1
DA:123,1
DA:130,2
DA:132,2
DA:133,2
LF:30
LH:29
end_of_record
TN:
SF:/home/edda/Documentos/CESE/TSSE/Leds/test/test_leds.c
FN:109,113,test_encender_todos_los_leds_apagados
FN:122,126,test_apagar_todos_los_leds_encendidos
FN:138,148,test_encender_multiples_leds
FN:160,174,test_apagar_multiples_leds
FN:185,192,test_verificar_valores_limites
FN:209,215,test_encender_leds_fuera_de_limites
FN:228,234,test_apagar_leds_fuera_de_limites
FN:252,259,test_verificar_estado_de_led_fuera_de_limites
FN:261,277,main
FN:279,282,tearDown
FN:46,49,setUp
FN:51,56,test_todos_los_leds_inician_apagados
FN:65,70,test_encender_un_led
FN:79,86,test_apagar_un_led_previamente_encendido
FN:94,99,test_verificar_estado_de_led_encendido
FNDA:1,test_encender_todos_los_leds_apagados
FNDA:1,test_apagar_todos_los_leds_encendidos
FNDA:1,test_encender_multiples_leds
FNDA:1,test_apagar_multiples_leds
FNDA:0,test_verificar_valores_limites
FNDA:1,test_encender_leds_fuera_de_limites
FNDA:1,test_apagar_leds_fuera_de_limites
FNDA:1,test_verificar_estado_de_led_fuera_de_limites
FNDA:1,main
FNDA:12,tearDown
FNDA:12,setUp
FNDA:1,test_todos_los_leds_inician_apagados
FNDA:1,test_encender_un_led
FNDA:1,test_apagar_un_led_previamente_encendido
FNDA:2,test_verificar_estado_de_led_encendido
FNF:15
FNH:14
DA:46,12
DA:48,12
DA:49,12
DA:51,1
DA:53,1
DA:54,1
DA:55,1
DA:56,1
DA:65,1
DA:68,1
DA:69,1
DA:70,1
DA:79,1
DA:82,1
DA:83,1
DA:84,1
DA:85,1
DA:86,1
DA:94,2
DA:97,2
DA:98,2
DA:99,2
DA:109,1
DA:111,1
DA:112,1
DA:113,1
DA:122,1
DA:124,1
DA:125,1
DA:126,1
DA:138,1
DA:143,1
DA:144,1
DA:145,1
DA:146,1
DA:147,1
DA:148,1
DA:160,1
DA:165,1
DA:166,1
DA:167,1
DA:168,1
DA:169,1
DA:170,1
DA:171,1
DA:172,1
DA:173,1
DA:174,1
DA:185,0
DA:189,0
DA:190,0
DA:191,0
DA:192,0
DA:209,1
DA:212,1
DA:213,1
DA:214,1
DA:215,1
DA:228,1
DA:231,1
DA:232,1
DA:233,1
DA:234,1
DA:252,1
DA:256,1
DA:257,1
DA:258,1
DA:259,1
DA:261,1
DA:263,1
DA:264,1
DA:265,1
DA:266,1
DA:267,1
DA:268,1
DA:269,1
DA:270,1
DA:271,1
DA:272,1
DA:273,1
DA:274,1
DA:275,1
DA:276,1
DA:279,12
DA:282,12
LF:85
LH:80
end_of_record
